<?xml version="1.0" encoding="UTF-8"?>
<!-- Generated by org.testng.reporters.JUnitReportReporter -->
<testsuite hostname="LTILPUN23800451" failures="0" tests="1" name="com.testingapi.getrequest.PutAPIRequest" time="9.063" errors="0" timestamp="2023-07-12T16:48:22 IST" skipped="0">
  <testcase classname="com.testingapi.getrequest.PutAPIRequest" name="PutAPIReq" time="9.063"/>
</testsuite> <!-- com.testingapi.getrequest.PutAPIRequest -->
