<?xml version="1.0" encoding="UTF-8"?>
<!-- Generated by org.testng.reporters.JUnitReportReporter -->
<testsuite hostname="LTILPUN23800451" failures="0" tests="1" name="com.testingapi.getrequest.GetAPIrequests" time="2.536" errors="0" timestamp="2023-07-04T15:24:07 IST" skipped="0">
  <testcase classname="com.testingapi.getrequest.GetAPIrequests" name="getAllBookings" time="2.536"/>
</testsuite> <!-- com.testingapi.getrequest.GetAPIrequests -->
