<?xml version="1.0" encoding="UTF-8"?>
<!-- Generated by org.testng.reporters.JUnitReportReporter -->
<testsuite hostname="LTILPUN23800451" failures="0" tests="1" name="com.testingapi.getrequest.PatchAPIRequest" time="8.338" errors="0" timestamp="2023-07-05T20:36:04 IST" skipped="0">
  <testcase classname="com.testingapi.getrequest.PatchAPIRequest" name="patchAPIReq" time="8.338"/>
</testsuite> <!-- com.testingapi.getrequest.PatchAPIRequest -->
