<?xml version="1.0" encoding="UTF-8"?>
<!-- Generated by org.testng.reporters.JUnitReportReporter -->
<testsuite hostname="LTILPUN23800451" failures="0" tests="1" name="com.testingapi.getrequest.PostAPIRequestUsingFile" time="3.718" errors="0" timestamp="2023-07-05T19:56:16 IST" skipped="0">
  <testcase classname="com.testingapi.getrequest.PostAPIRequestUsingFile" name="postAPIReq" time="3.718"/>
</testsuite> <!-- com.testingapi.getrequest.PostAPIRequestUsingFile -->
