<?xml version="1.0" encoding="UTF-8"?>
<!-- Generated by org.testng.reporters.JUnitReportReporter -->
<testsuite hostname="LTILPUN23800451" failures="0" tests="1" name="com.testingapi.getrequest.POSTRequest" time="2.409" errors="0" timestamp="2023-07-07T13:40:12 IST" skipped="0">
  <testcase classname="com.testingapi.getrequest.POSTRequest" name="createBookings" time="2.409"/>
</testsuite> <!-- com.testingapi.getrequest.POSTRequest -->
